0 info it worked if it ends with ok
1 verbose cli [ '/home/daniel/.nvm/versions/node/v6.3.1/bin/node',
1 verbose cli   '/home/daniel/.nvm/versions/node/v6.3.1/bin/npm',
1 verbose cli   'run',
1 verbose cli   'lint' ]
2 info using npm@3.10.3
3 info using node@v6.3.1
4 verbose run-script [ 'prelint', 'lint', 'postlint' ]
5 info lifecycle angular_2_meta_app@0.0.1~prelint: angular_2_meta_app@0.0.1
6 silly lifecycle angular_2_meta_app@0.0.1~prelint: no script for prelint, continuing
7 info lifecycle angular_2_meta_app@0.0.1~lint: angular_2_meta_app@0.0.1
8 verbose lifecycle angular_2_meta_app@0.0.1~lint: unsafe-perm in lifecycle true
9 verbose lifecycle angular_2_meta_app@0.0.1~lint: PATH: /home/daniel/.nvm/versions/node/v6.3.1/lib/node_modules/npm/bin/node-gyp-bin:/home/daniel/dev/angular_2_meta_app/node_modules/.bin:/home/daniel/.nvm/versions/node/v6.3.1/bin:/home/daniel/.nvm/versions/node/v6.3.1/bin:/home/daniel/bin:/home/daniel/.local/bin:/usr/local/sbin:/usr/local/bin:/usr/sbin:/usr/bin:/sbin:/bin:/usr/games:/usr/local/games:/snap/bin
10 verbose lifecycle angular_2_meta_app@0.0.1~lint: CWD: /home/daniel/dev/angular_2_meta_app
11 silly lifecycle angular_2_meta_app@0.0.1~lint: Args: [ '-c', 'tslint ./app/*.ts' ]
12 silly lifecycle angular_2_meta_app@0.0.1~lint: Returned: code: 2  signal: null
13 info lifecycle angular_2_meta_app@0.0.1~lint: Failed to exec lint script
14 verbose stack Error: angular_2_meta_app@0.0.1 lint: `tslint ./app/*.ts`
14 verbose stack Exit status 2
14 verbose stack     at EventEmitter.<anonymous> (/home/daniel/.nvm/versions/node/v6.3.1/lib/node_modules/npm/lib/utils/lifecycle.js:242:16)
14 verbose stack     at emitTwo (events.js:106:13)
14 verbose stack     at EventEmitter.emit (events.js:191:7)
14 verbose stack     at ChildProcess.<anonymous> (/home/daniel/.nvm/versions/node/v6.3.1/lib/node_modules/npm/lib/utils/spawn.js:40:14)
14 verbose stack     at emitTwo (events.js:106:13)
14 verbose stack     at ChildProcess.emit (events.js:191:7)
14 verbose stack     at maybeClose (internal/child_process.js:852:16)
14 verbose stack     at Process.ChildProcess._handle.onexit (internal/child_process.js:215:5)
15 verbose pkgid angular_2_meta_app@0.0.1
16 verbose cwd /home/daniel/dev/angular_2_meta_app
17 error Linux 4.4.0-34-generic
18 error argv "/home/daniel/.nvm/versions/node/v6.3.1/bin/node" "/home/daniel/.nvm/versions/node/v6.3.1/bin/npm" "run" "lint"
19 error node v6.3.1
20 error npm  v3.10.3
21 error code ELIFECYCLE
22 error angular_2_meta_app@0.0.1 lint: `tslint ./app/*.ts`
22 error Exit status 2
23 error Failed at the angular_2_meta_app@0.0.1 lint script 'tslint ./app/*.ts'.
23 error Make sure you have the latest version of node.js and npm installed.
23 error If you do, this is most likely a problem with the angular_2_meta_app package,
23 error not with npm itself.
23 error Tell the author that this fails on your system:
23 error     tslint ./app/*.ts
23 error You can get information on how to open an issue for this project with:
23 error     npm bugs angular_2_meta_app
23 error Or if that isn't available, you can get their info via:
23 error     npm owner ls angular_2_meta_app
23 error There is likely additional logging output above.
24 verbose exit [ 1, true ]
